# JRE version: OpenJDK Runtime Environment (8.0_131-b11) (build 1.8.0_131-8u131-b11-2ubuntu1.16.04.3-b11)
# Java VM: OpenJDK 64-Bit Server VM (25.131-b11 mixed mode linux-amd64 compressed oops)
Heap:
 PSYoungGen      total 220672K, used 15243K [0x00000000ebd00000, 0x0000000100000000, 0x0000000100000000)
  eden space 110592K, 0% used [0x00000000ebd00000,0x00000000ebd00000,0x00000000f2900000)
  from space 110080K, 13% used [0x00000000f9480000,0x00000000fa362c50,0x0000000100000000)
  to   space 110080K, 0% used [0x00000000f2900000,0x00000000f2900000,0x00000000f9480000)
 ParOldGen       total 586752K, used 586397K [0x00000000c3600000, 0x00000000e7300000, 0x00000000ebd00000)
  object space 586752K, 99% used [0x00000000c3600000,0x00000000e72a7478,0x00000000e7300000)
 Metaspace       used 3251K, capacity 4564K, committed 4864K, reserved 1056768K
  class space    used 344K, capacity 388K, committed 512K, reserved 1048576K
GC Heap History (10 events):
Event: 20,433 GC heap after
Heap after GC invocations=17 (full 4):
 PSYoungGen      total 199168K, used 58944K [0x00000000ebd00000, 0x0000000100000000, 0x0000000100000000)
  eden space 89088K, 0% used [0x00000000ebd00000,0x00000000ebd00000,0x00000000f1400000)
  from space 110080K, 53% used [0x00000000f1400000,0x00000000f4d90000,0x00000000f7f80000)
  to   space 110080K, 0% used [0x00000000f9480000,0x00000000f9480000,0x0000000100000000)
 ParOldGen       total 399872K, used 343724K [0x00000000c3600000, 0x00000000dbc80000, 0x00000000ebd00000)
  object space 399872K, 85% used [0x00000000c3600000,0x00000000d85ab3a0,0x00000000dbc80000)
 Metaspace       used 3251K, capacity 4564K, committed 4864K, reserved 1056768K
  class space    used 344K, capacity 388K, committed 512K, reserved 1048576K
}
Event: 20,433 GC heap before
{Heap before GC invocations=18 (full 5):
 PSYoungGen      total 199168K, used 58944K [0x00000000ebd00000, 0x0000000100000000, 0x0000000100000000)
  eden space 89088K, 0% used [0x00000000ebd00000,0x00000000ebd00000,0x00000000f1400000)
  from space 110080K, 53% used [0x00000000f1400000,0x00000000f4d90000,0x00000000f7f80000)
  to   space 110080K, 0% used [0x00000000f9480000,0x00000000f9480000,0x0000000100000000)
 ParOldGen       total 399872K, used 343724K [0x00000000c3600000, 0x00000000dbc80000, 0x00000000ebd00000)
  object space 399872K, 85% used [0x00000000c3600000,0x00000000d85ab3a0,0x00000000dbc80000)
 Metaspace       used 3251K, capacity 4564K, committed 4864K, reserved 1056768K
  class space    used 344K, capacity 388K, committed 512K, reserved 1048576K
Event: 28,202 GC heap after
Heap after GC invocations=18 (full 5):
 PSYoungGen      total 199168K, used 2584K [0x00000000ebd00000, 0x0000000100000000, 0x0000000100000000)
  eden space 89088K, 0% used [0x00000000ebd00000,0x00000000ebd00000,0x00000000f1400000)
  from space 110080K, 2% used [0x00000000f1400000,0x00000000f16861a0,0x00000000f7f80000)
  to   space 110080K, 0% used [0x00000000f9480000,0x00000000f9480000,0x0000000100000000)
 ParOldGen       total 586752K, used 399684K [0x00000000c3600000, 0x00000000e7300000, 0x00000000ebd00000)
  object space 586752K, 68% used [0x00000000c3600000,0x00000000dbc51258,0x00000000e7300000)
 Metaspace       used 3251K, capacity 4564K, committed 4864K, reserved 1056768K
  class space    used 344K, capacity 388K, committed 512K, reserved 1048576K
}
Event: 28,403 GC heap before
{Heap before GC invocations=19 (full 5):
 PSYoungGen      total 199168K, used 91672K [0x00000000ebd00000, 0x0000000100000000, 0x0000000100000000)
  eden space 89088K, 100% used [0x00000000ebd00000,0x00000000f1400000,0x00000000f1400000)
  from space 110080K, 2% used [0x00000000f1400000,0x00000000f16861a0,0x00000000f7f80000)
  to   space 110080K, 0% used [0x00000000f9480000,0x00000000f9480000,0x0000000100000000)
 ParOldGen       total 586752K, used 399684K [0x00000000c3600000, 0x00000000e7300000, 0x00000000ebd00000)
  object space 586752K, 68% used [0x00000000c3600000,0x00000000dbc51258,0x00000000e7300000)
 Metaspace       used 3251K, capacity 4564K, committed 4864K, reserved 1056768K
  class space    used 344K, capacity 388K, committed 512K, reserved 1048576K
Event: 28,955 GC heap after
Heap after GC invocations=19 (full 5):
 PSYoungGen      total 217600K, used 58944K [0x00000000ebd00000, 0x00000000ffe80000, 0x0000000100000000)
  eden space 109056K, 0% used [0x00000000ebd00000,0x00000000ebd00000,0x00000000f2780000)
  from space 108544K, 54% used [0x00000000f9480000,0x00000000fce10000,0x00000000ffe80000)
  to   space 110080K, 0% used [0x00000000f2780000,0x00000000f2780000,0x00000000f9300000)
 ParOldGen       total 586752K, used 402292K [0x00000000c3600000, 0x00000000e7300000, 0x00000000ebd00000)
  object space 586752K, 68% used [0x00000000c3600000,0x00000000dbedd258,0x00000000e7300000)
 Metaspace       used 3251K, capacity 4564K, committed 4864K, reserved 1056768K
  class space    used 344K, capacity 388K, committed 512K, reserved 1048576K
}
Event: 29,304 GC heap before
{Heap before GC invocations=20 (full 5):
 PSYoungGen      total 217600K, used 168000K [0x00000000ebd00000, 0x00000000ffe80000, 0x0000000100000000)
  eden space 109056K, 100% used [0x00000000ebd00000,0x00000000f2780000,0x00000000f2780000)
  from space 108544K, 54% used [0x00000000f9480000,0x00000000fce10000,0x00000000ffe80000)
  to   space 110080K, 0% used [0x00000000f2780000,0x00000000f2780000,0x00000000f9300000)
 ParOldGen       total 586752K, used 402292K [0x00000000c3600000, 0x00000000e7300000, 0x00000000ebd00000)
  object space 586752K, 68% used [0x00000000c3600000,0x00000000dbedd258,0x00000000e7300000)
 Metaspace       used 3251K, capacity 4564K, committed 4864K, reserved 1056768K
  class space    used 344K, capacity 388K, committed 512K, reserved 1048576K
Event: 29,791 GC heap after
Heap after GC invocations=20 (full 5):
 PSYoungGen      total 219136K, used 75771K [0x00000000ebd00000, 0x0000000100000000, 0x0000000100000000)
  eden space 109056K, 0% used [0x00000000ebd00000,0x00000000ebd00000,0x00000000f2780000)
  from space 110080K, 68% used [0x00000000f2780000,0x00000000f717ec08,0x00000000f9300000)
  to   space 110080K, 0% used [0x00000000f9480000,0x00000000f9480000,0x0000000100000000)
 ParOldGen       total 586752K, used 461316K [0x00000000c3600000, 0x00000000e7300000, 0x00000000ebd00000)
  object space 586752K, 78% used [0x00000000c3600000,0x00000000df881258,0x00000000e7300000)
 Metaspace       used 3251K, capacity 4564K, committed 4864K, reserved 1056768K
  class space    used 344K, capacity 388K, committed 512K, reserved 1048576K
}
Event: 30,012 GC heap before
{Heap before GC invocations=21 (full 5):
 PSYoungGen      total 219136K, used 184827K [0x00000000ebd00000, 0x0000000100000000, 0x0000000100000000)
  eden space 109056K, 100% used [0x00000000ebd00000,0x00000000f2780000,0x00000000f2780000)
  from space 110080K, 68% used [0x00000000f2780000,0x00000000f717ec08,0x00000000f9300000)
  to   space 110080K, 0% used [0x00000000f9480000,0x00000000f9480000,0x0000000100000000)
 ParOldGen       total 586752K, used 461316K [0x00000000c3600000, 0x00000000e7300000, 0x00000000ebd00000)
  object space 586752K, 78% used [0x00000000c3600000,0x00000000df881258,0x00000000e7300000)
 Metaspace       used 3251K, capacity 4564K, committed 4864K, reserved 1056768K
  class space    used 344K, capacity 388K, committed 512K, reserved 1048576K
Event: 32,024 GC heap after
Heap after GC invocations=21 (full 5):
 PSYoungGen      total 220672K, used 72128K [0x00000000ebd00000, 0x0000000100000000, 0x0000000100000000)
  eden space 110592K, 0% used [0x00000000ebd00000,0x00000000ebd00000,0x00000000f2900000)
  from space 110080K, 65% used [0x00000000f9480000,0x00000000fdaf0000,0x0000000100000000)
  to   space 110080K, 0% used [0x00000000f2900000,0x00000000f2900000,0x00000000f9480000)
 ParOldGen       total 586752K, used 537175K [0x00000000c3600000, 0x00000000e7300000, 0x00000000ebd00000)
  object space 586752K, 91% used [0x00000000c3600000,0x00000000e4295e60,0x00000000e7300000)
 Metaspace       used 3251K, capacity 4564K, committed 4864K, reserved 1056768K
  class space    used 344K, capacity 388K, committed 512K, reserved 1048576K
}
Event: 32,024 GC heap before
{Heap before GC invocations=22 (full 6):
 PSYoungGen      total 220672K, used 72128K [0x00000000ebd00000, 0x0000000100000000, 0x0000000100000000)
  eden space 110592K, 0% used [0x00000000ebd00000,0x00000000ebd00000,0x00000000f2900000)
  from space 110080K, 65% used [0x00000000f9480000,0x00000000fdaf0000,0x0000000100000000)
  to   space 110080K, 0% used [0x00000000f2900000,0x00000000f2900000,0x00000000f9480000)
 ParOldGen       total 586752K, used 537175K [0x00000000c3600000, 0x00000000e7300000, 0x00000000ebd00000)
  object space 586752K, 91% used [0x00000000c3600000,0x00000000e4295e60,0x00000000e7300000)
 Metaspace       used 3251K, capacity 4564K, committed 4864K, reserved 1056768K
  class space    used 344K, capacity 388K, committed 512K, reserved 1048576K

