# JRE version: OpenJDK Runtime Environment (8.0_131-b11) (build 1.8.0_131-8u131-b11-2ubuntu1.16.04.3-b11)
# Java VM: OpenJDK 64-Bit Server VM (25.131-b11 mixed mode linux-amd64 compressed oops)
Heap:
 PSYoungGen      total 191488K, used 36161K [0x00000000ebd00000, 0x00000000fea00000, 0x0000000100000000)
  eden space 81408K, 0% used [0x00000000ebd00000,0x00000000ebd00000,0x00000000f0c80000)
  from space 110080K, 32% used [0x00000000f0c80000,0x00000000f2fd07f0,0x00000000f7800000)
  to   space 108544K, 0% used [0x00000000f8000000,0x00000000f8000000,0x00000000fea00000)
 ParOldGen       total 544768K, used 544469K [0x00000000c3600000, 0x00000000e4a00000, 0x00000000ebd00000)
  object space 544768K, 99% used [0x00000000c3600000,0x00000000e49b5410,0x00000000e4a00000)
 Metaspace       used 3280K, capacity 4564K, committed 4864K, reserved 1056768K
  class space    used 344K, capacity 388K, committed 512K, reserved 1048576K
GC Heap History (10 events):
Event: 39,585 GC heap after
Heap after GC invocations=26 (full 5):
 PSYoungGen      total 172032K, used 33440K [0x00000000ebd00000, 0x00000000fda00000, 0x0000000100000000)
  eden space 61952K, 0% used [0x00000000ebd00000,0x00000000ebd00000,0x00000000ef980000)
  from space 110080K, 30% used [0x00000000ef980000,0x00000000f1a28000,0x00000000f6500000)
  to   space 109568K, 0% used [0x00000000f6f00000,0x00000000f6f00000,0x00000000fda00000)
 ParOldGen       total 536064K, used 394641K [0x00000000c3600000, 0x00000000e4180000, 0x00000000ebd00000)
  object space 536064K, 73% used [0x00000000c3600000,0x00000000db764700,0x00000000e4180000)
 Metaspace       used 3280K, capacity 4564K, committed 4864K, reserved 1056768K
  class space    used 344K, capacity 388K, committed 512K, reserved 1048576K
}
Event: 40,199 GC heap before
{Heap before GC invocations=27 (full 5):
 PSYoungGen      total 172032K, used 95392K [0x00000000ebd00000, 0x00000000fda00000, 0x0000000100000000)
  eden space 61952K, 100% used [0x00000000ebd00000,0x00000000ef980000,0x00000000ef980000)
  from space 110080K, 30% used [0x00000000ef980000,0x00000000f1a28000,0x00000000f6500000)
  to   space 109568K, 0% used [0x00000000f6f00000,0x00000000f6f00000,0x00000000fda00000)
 ParOldGen       total 536064K, used 394641K [0x00000000c3600000, 0x00000000e4180000, 0x00000000ebd00000)
  object space 536064K, 73% used [0x00000000c3600000,0x00000000db764700,0x00000000e4180000)
 Metaspace       used 3280K, capacity 4564K, committed 4864K, reserved 1056768K
  class space    used 344K, capacity 388K, committed 512K, reserved 1048576K
Event: 40,364 GC heap after
Heap after GC invocations=27 (full 5):
 PSYoungGen      total 181760K, used 66816K [0x00000000ebd00000, 0x00000000fda80000, 0x0000000100000000)
  eden space 72192K, 0% used [0x00000000ebd00000,0x00000000ebd00000,0x00000000f0380000)
  from space 109568K, 60% used [0x00000000f6f00000,0x00000000fb040000,0x00000000fda00000)
  to   space 110080K, 0% used [0x00000000f0380000,0x00000000f0380000,0x00000000f6f00000)
 ParOldGen       total 536064K, used 394641K [0x00000000c3600000, 0x00000000e4180000, 0x00000000ebd00000)
  object space 536064K, 73% used [0x00000000c3600000,0x00000000db764700,0x00000000e4180000)
 Metaspace       used 3280K, capacity 4564K, committed 4864K, reserved 1056768K
  class space    used 344K, capacity 388K, committed 512K, reserved 1048576K
}
Event: 41,326 GC heap before
{Heap before GC invocations=28 (full 5):
 PSYoungGen      total 181760K, used 139008K [0x00000000ebd00000, 0x00000000fda80000, 0x0000000100000000)
  eden space 72192K, 100% used [0x00000000ebd00000,0x00000000f0380000,0x00000000f0380000)
  from space 109568K, 60% used [0x00000000f6f00000,0x00000000fb040000,0x00000000fda00000)
  to   space 110080K, 0% used [0x00000000f0380000,0x00000000f0380000,0x00000000f6f00000)
 ParOldGen       total 536064K, used 394641K [0x00000000c3600000, 0x00000000e4180000, 0x00000000ebd00000)
  object space 536064K, 73% used [0x00000000c3600000,0x00000000db764700,0x00000000e4180000)
 Metaspace       used 3280K, capacity 4564K, committed 4864K, reserved 1056768K
  class space    used 344K, capacity 388K, committed 512K, reserved 1048576K
Event: 42,897 GC heap after
Heap after GC invocations=28 (full 5):
 PSYoungGen      total 182272K, used 38944K [0x00000000ebd00000, 0x00000000fe000000, 0x0000000100000000)
  eden space 72192K, 0% used [0x00000000ebd00000,0x00000000ebd00000,0x00000000f0380000)
  from space 110080K, 35% used [0x00000000f0380000,0x00000000f2988000,0x00000000f6f00000)
  to   space 106496K, 0% used [0x00000000f7800000,0x00000000f7800000,0x00000000fe000000)
 ParOldGen       total 536064K, used 461593K [0x00000000c3600000, 0x00000000e4180000, 0x00000000ebd00000)
  object space 536064K, 86% used [0x00000000c3600000,0x00000000df8c6700,0x00000000e4180000)
 Metaspace       used 3280K, capacity 4564K, committed 4864K, reserved 1056768K
  class space    used 344K, capacity 388K, committed 512K, reserved 1048576K
}
Event: 43,820 GC heap before
{Heap before GC invocations=29 (full 5):
 PSYoungGen      total 182272K, used 111136K [0x00000000ebd00000, 0x00000000fe000000, 0x0000000100000000)
  eden space 72192K, 100% used [0x00000000ebd00000,0x00000000f0380000,0x00000000f0380000)
  from space 110080K, 35% used [0x00000000f0380000,0x00000000f2988000,0x00000000f6f00000)
  to   space 106496K, 0% used [0x00000000f7800000,0x00000000f7800000,0x00000000fe000000)
 ParOldGen       total 536064K, used 461593K [0x00000000c3600000, 0x00000000e4180000, 0x00000000ebd00000)
  object space 536064K, 86% used [0x00000000c3600000,0x00000000df8c6700,0x00000000e4180000)
 Metaspace       used 3280K, capacity 4564K, committed 4864K, reserved 1056768K
  class space    used 344K, capacity 388K, committed 512K, reserved 1048576K
Event: 44,119 GC heap after
Heap after GC invocations=29 (full 5):
 PSYoungGen      total 187904K, used 82843K [0x00000000ebd00000, 0x00000000fe680000, 0x0000000100000000)
  eden space 81408K, 0% used [0x00000000ebd00000,0x00000000ebd00000,0x00000000f0c80000)
  from space 106496K, 77% used [0x00000000f7800000,0x00000000fc8e6c08,0x00000000fe000000)
  to   space 110080K, 0% used [0x00000000f0c80000,0x00000000f0c80000,0x00000000f7800000)
 ParOldGen       total 536064K, used 461593K [0x00000000c3600000, 0x00000000e4180000, 0x00000000ebd00000)
  object space 536064K, 86% used [0x00000000c3600000,0x00000000df8c6700,0x00000000e4180000)
 Metaspace       used 3280K, capacity 4564K, committed 4864K, reserved 1056768K
  class space    used 344K, capacity 388K, committed 512K, reserved 1048576K
}
Event: 46,357 GC heap before
{Heap before GC invocations=30 (full 5):
 PSYoungGen      total 187904K, used 164251K [0x00000000ebd00000, 0x00000000fe680000, 0x0000000100000000)
  eden space 81408K, 100% used [0x00000000ebd00000,0x00000000f0c80000,0x00000000f0c80000)
  from space 106496K, 77% used [0x00000000f7800000,0x00000000fc8e6c08,0x00000000fe000000)
  to   space 110080K, 0% used [0x00000000f0c80000,0x00000000f0c80000,0x00000000f7800000)
 ParOldGen       total 536064K, used 461593K [0x00000000c3600000, 0x00000000e4180000, 0x00000000ebd00000)
  object space 536064K, 86% used [0x00000000c3600000,0x00000000df8c6700,0x00000000e4180000)
 Metaspace       used 3280K, capacity 4564K, committed 4864K, reserved 1056768K
  class space    used 344K, capacity 388K, committed 512K, reserved 1048576K
Event: 47,159 GC heap after
Heap after GC invocations=30 (full 5):
 PSYoungGen      total 191488K, used 43936K [0x00000000ebd00000, 0x00000000fea00000, 0x0000000100000000)
  eden space 81408K, 0% used [0x00000000ebd00000,0x00000000ebd00000,0x00000000f0c80000)
  from space 110080K, 39% used [0x00000000f0c80000,0x00000000f3768000,0x00000000f7800000)
  to   space 108544K, 0% used [0x00000000f8000000,0x00000000f8000000,0x00000000fea00000)
 ParOldGen       total 544768K, used 544500K [0x00000000c3600000, 0x00000000e4a00000, 0x00000000ebd00000)
  object space 544768K, 99% used [0x00000000c3600000,0x00000000e49bd308,0x00000000e4a00000)
 Metaspace       used 3280K, capacity 4564K, committed 4864K, reserved 1056768K
  class space    used 344K, capacity 388K, committed 512K, reserved 1048576K
}
Event: 47,284 GC heap before
{Heap before GC invocations=31 (full 6):
 PSYoungGen      total 191488K, used 43936K [0x00000000ebd00000, 0x00000000fea00000, 0x0000000100000000)
  eden space 81408K, 0% used [0x00000000ebd00000,0x00000000ebd00000,0x00000000f0c80000)
  from space 110080K, 39% used [0x00000000f0c80000,0x00000000f3768000,0x00000000f7800000)
  to   space 108544K, 0% used [0x00000000f8000000,0x00000000f8000000,0x00000000fea00000)
 ParOldGen       total 544768K, used 544500K [0x00000000c3600000, 0x00000000e4a00000, 0x00000000ebd00000)
  object space 544768K, 99% used [0x00000000c3600000,0x00000000e49bd308,0x00000000e4a00000)
 Metaspace       used 3280K, capacity 4564K, committed 4864K, reserved 1056768K
  class space    used 344K, capacity 388K, committed 512K, reserved 1048576K

